build/app/intermediates/manifest_merge_blame_file/yybRelease/processYybReleaseMainManifest/manifest-merger-blame-yyb-release-report.txt
1<?xml version="1.0" encoding="utf-8"?>
2<manifest xmlns:android="http://schemas.android.com/apk/res/android"
3    package="com.template.channelyyb.YYB"
4    android:versionCode="1"
5    android:versionName="1.0.0" >
6
7    <uses-sdk
8        android:minSdkVersion="23"
9        android:targetSdkVersion="35" />
10    <!--
11         Required to query activities that can process text, see:
12         https://developer.android.com/training/package-visibility and
13         https://developer.android.com/reference/android/content/Intent#ACTION_PROCESS_TEXT.
14
15         In particular, this is used by the Flutter engine in io.flutter.plugin.text.ProcessTextPlugin.
16    -->
17    <queries>
17-->src/main/AndroidManifest.xml:44:5-49:15
18        <intent>
18-->src/main/AndroidManifest.xml:45:9-48:18
19            <action android:name="android.intent.action.PROCESS_TEXT" />
19-->src/main/AndroidManifest.xml:46:13-72
19-->src/main/AndroidManifest.xml:46:21-70
20
21            <data android:mimeType="text/plain" />
21-->src/main/AndroidManifest.xml:47:13-50
21-->src/main/AndroidManifest.xml:47:19-48
22        </intent>
23    </queries>
24
25    <uses-permission android:name="android.permission.BROADCAST_CLOSE_SYSTEM_DIALOGS" />
25-->[:awesome_notifications] AndroidManifest.xml:7:5-89
25-->[:awesome_notifications] AndroidManifest.xml:7:22-86
26    <uses-permission android:name="android.permission.POST_NOTIFICATIONS" />
26-->[me.carda:AndroidAwnCore:0.10.0] AndroidManifest.xml:8:5-77
26-->[me.carda:AndroidAwnCore:0.10.0] AndroidManifest.xml:8:22-74
27    <uses-permission
27-->[me.carda:AndroidAwnCore:0.10.0] AndroidManifest.xml:9:5-12:47
28        android:name="android.permission.BIND_NOTIFICATION_LISTENER_SERVICE"
28-->[me.carda:AndroidAwnCore:0.10.0] AndroidManifest.xml:10:9-77
29        android:maxSdkVersion="22" />
29-->[me.carda:AndroidAwnCore:0.10.0] AndroidManifest.xml:11:9-35
30    <uses-permission android:name="android.permission.ACCESS_NETWORK_STATE" />
30-->[:connectivity_plus] AndroidManifest.xml:7:5-79
30-->[:connectivity_plus] AndroidManifest.xml:7:22-76
31
32    <permission
32-->[androidx.core:core:1.13.1] AndroidManifest.xml:22:5-24:47
33        android:name="com.template.channelyyb.YYB.DYNAMIC_RECEIVER_NOT_EXPORTED_PERMISSION"
33-->[androidx.core:core:1.13.1] AndroidManifest.xml:23:9-81
34        android:protectionLevel="signature" />
34-->[androidx.core:core:1.13.1] AndroidManifest.xml:24:9-44
35
36    <uses-permission android:name="com.template.channelyyb.YYB.DYNAMIC_RECEIVER_NOT_EXPORTED_PERMISSION" /> <!-- for android -->
36-->[androidx.core:core:1.13.1] AndroidManifest.xml:26:5-97
36-->[androidx.core:core:1.13.1] AndroidManifest.xml:26:22-94
37    <!-- <uses-permission android:name="com.android.launcher.permission.READ_SETTINGS"/> -->
38    <!-- <uses-permission android:name="com.android.launcher.permission.WRITE_SETTINGS"/> -->
39    <!-- <uses-permission android:name="com.android.launcher.permission.INSTALL_SHORTCUT" /> -->
40    <!-- <uses-permission android:name="com.android.launcher.permission.UNINSTALL_SHORTCUT" /> -->
41    <!-- for Samsung -->
42    <uses-permission android:name="com.sec.android.provider.badge.permission.READ" />
42-->[me.leolin:ShortcutBadger:1.1.22] AndroidManifest.xml:19:5-86
42-->[me.leolin:ShortcutBadger:1.1.22] AndroidManifest.xml:19:22-83
43    <uses-permission android:name="com.sec.android.provider.badge.permission.WRITE" /> <!-- for htc -->
43-->[me.leolin:ShortcutBadger:1.1.22] AndroidManifest.xml:20:5-87
43-->[me.leolin:ShortcutBadger:1.1.22] AndroidManifest.xml:20:22-84
44    <uses-permission android:name="com.htc.launcher.permission.READ_SETTINGS" />
44-->[me.leolin:ShortcutBadger:1.1.22] AndroidManifest.xml:23:5-81
44-->[me.leolin:ShortcutBadger:1.1.22] AndroidManifest.xml:23:22-78
45    <uses-permission android:name="com.htc.launcher.permission.UPDATE_SHORTCUT" /> <!-- for sony -->
45-->[me.leolin:ShortcutBadger:1.1.22] AndroidManifest.xml:24:5-83
45-->[me.leolin:ShortcutBadger:1.1.22] AndroidManifest.xml:24:22-80
46    <uses-permission android:name="com.sonyericsson.home.permission.BROADCAST_BADGE" />
46-->[me.leolin:ShortcutBadger:1.1.22] AndroidManifest.xml:27:5-88
46-->[me.leolin:ShortcutBadger:1.1.22] AndroidManifest.xml:27:22-85
47    <uses-permission android:name="com.sonymobile.home.permission.PROVIDER_INSERT_BADGE" /> <!-- for apex -->
47-->[me.leolin:ShortcutBadger:1.1.22] AndroidManifest.xml:28:5-92
47-->[me.leolin:ShortcutBadger:1.1.22] AndroidManifest.xml:28:22-89
48    <uses-permission android:name="com.anddoes.launcher.permission.UPDATE_COUNT" /> <!-- for solid -->
48-->[me.leolin:ShortcutBadger:1.1.22] AndroidManifest.xml:31:5-84
48-->[me.leolin:ShortcutBadger:1.1.22] AndroidManifest.xml:31:22-81
49    <uses-permission android:name="com.majeur.launcher.permission.UPDATE_BADGE" /> <!-- for huawei -->
49-->[me.leolin:ShortcutBadger:1.1.22] AndroidManifest.xml:34:5-83
49-->[me.leolin:ShortcutBadger:1.1.22] AndroidManifest.xml:34:22-80
50    <uses-permission android:name="com.huawei.android.launcher.permission.CHANGE_BADGE" />
50-->[me.leolin:ShortcutBadger:1.1.22] AndroidManifest.xml:37:5-91
50-->[me.leolin:ShortcutBadger:1.1.22] AndroidManifest.xml:37:22-88
51    <uses-permission android:name="com.huawei.android.launcher.permission.READ_SETTINGS" />
51-->[me.leolin:ShortcutBadger:1.1.22] AndroidManifest.xml:38:5-92
51-->[me.leolin:ShortcutBadger:1.1.22] AndroidManifest.xml:38:22-89
52    <uses-permission android:name="com.huawei.android.launcher.permission.WRITE_SETTINGS" /> <!-- for ZUK -->
52-->[me.leolin:ShortcutBadger:1.1.22] AndroidManifest.xml:39:5-93
52-->[me.leolin:ShortcutBadger:1.1.22] AndroidManifest.xml:39:22-90
53    <uses-permission android:name="android.permission.READ_APP_BADGE" /> <!-- for OPPO -->
53-->[me.leolin:ShortcutBadger:1.1.22] AndroidManifest.xml:42:5-73
53-->[me.leolin:ShortcutBadger:1.1.22] AndroidManifest.xml:42:22-70
54    <uses-permission android:name="com.oppo.launcher.permission.READ_SETTINGS" />
54-->[me.leolin:ShortcutBadger:1.1.22] AndroidManifest.xml:45:5-82
54-->[me.leolin:ShortcutBadger:1.1.22] AndroidManifest.xml:45:22-79
55    <uses-permission android:name="com.oppo.launcher.permission.WRITE_SETTINGS" /> <!-- for EvMe -->
55-->[me.leolin:ShortcutBadger:1.1.22] AndroidManifest.xml:46:5-83
55-->[me.leolin:ShortcutBadger:1.1.22] AndroidManifest.xml:46:22-80
56    <uses-permission android:name="me.everything.badger.permission.BADGE_COUNT_READ" />
56-->[me.leolin:ShortcutBadger:1.1.22] AndroidManifest.xml:49:5-88
56-->[me.leolin:ShortcutBadger:1.1.22] AndroidManifest.xml:49:22-85
57    <uses-permission android:name="me.everything.badger.permission.BADGE_COUNT_WRITE" /> <!-- AndroidManifest.xml -->
57-->[me.leolin:ShortcutBadger:1.1.22] AndroidManifest.xml:50:5-89
57-->[me.leolin:ShortcutBadger:1.1.22] AndroidManifest.xml:50:22-86
58    <!-- android:usesCleartextTraffic="true" 允许http -->
59    <!-- android:extractNativeLibs="true" 包体积优化 -->
60    <application
61        android:name="android.app.Application"
61-->src/main/AndroidManifest.xml:9:9-42
62        android:appComponentFactory="androidx.core.app.CoreComponentFactory"
62-->[androidx.core:core:1.13.1] AndroidManifest.xml:28:18-86
63        android:extractNativeLibs="true"
63-->src/main/AndroidManifest.xml:7:9-41
64        android:icon="@mipmap/ic_launcher"
64-->src/main/AndroidManifest.xml:10:9-35
65        android:label="应用宝名称"
65-->src/main/AndroidManifest.xml:8:9-36
66        android:usesCleartextTraffic="true" >
66-->src/main/AndroidManifest.xml:6:9-44
67        <activity
67-->src/main/AndroidManifest.xml:11:9-32:20
68            android:name="com.template.project_template.MainActivity"
68-->src/main/AndroidManifest.xml:12:13-41
69            android:configChanges="orientation|keyboardHidden|keyboard|screenSize|smallestScreenSize|locale|layoutDirection|fontScale|screenLayout|density|uiMode"
69-->src/main/AndroidManifest.xml:17:13-163
70            android:exported="true"
70-->src/main/AndroidManifest.xml:13:13-36
71            android:hardwareAccelerated="true"
71-->src/main/AndroidManifest.xml:18:13-47
72            android:launchMode="singleTop"
72-->src/main/AndroidManifest.xml:14:13-43
73            android:taskAffinity=""
73-->src/main/AndroidManifest.xml:15:13-36
74            android:theme="@style/LaunchTheme"
74-->src/main/AndroidManifest.xml:16:13-47
75            android:windowSoftInputMode="adjustResize" >
75-->src/main/AndroidManifest.xml:19:13-55
76
77            <!--
78                 Specifies an Android theme to apply to this Activity as soon as
79                 the Android process has started. This theme is visible to the user
80                 while the Flutter UI initializes. After that, this theme continues
81                 to determine the Window background behind the Flutter UI.
82            -->
83            <meta-data
83-->src/main/AndroidManifest.xml:24:13-27:17
84                android:name="io.flutter.embedding.android.NormalTheme"
84-->src/main/AndroidManifest.xml:25:15-70
85                android:resource="@style/NormalTheme" />
85-->src/main/AndroidManifest.xml:26:15-52
86
87            <intent-filter>
87-->src/main/AndroidManifest.xml:28:13-31:29
88                <action android:name="android.intent.action.MAIN" />
88-->src/main/AndroidManifest.xml:29:17-68
88-->src/main/AndroidManifest.xml:29:25-66
89
90                <category android:name="android.intent.category.LAUNCHER" />
90-->src/main/AndroidManifest.xml:30:17-76
90-->src/main/AndroidManifest.xml:30:27-74
91            </intent-filter>
92        </activity>
93        <!--
94             Don't delete the meta-data below.
95             This is used by the Flutter tool to generate GeneratedPluginRegistrant.java
96        -->
97        <meta-data
97-->src/main/AndroidManifest.xml:35:9-37:33
98            android:name="flutterEmbedding"
98-->src/main/AndroidManifest.xml:36:13-44
99            android:value="2" />
99-->src/main/AndroidManifest.xml:37:13-30
100
101        <receiver
101-->[:awesome_notifications] AndroidManifest.xml:10:9-12:39
102            android:name="me.carda.awesome_notifications.DartNotificationActionReceiver"
102-->[:awesome_notifications] AndroidManifest.xml:11:13-89
103            android:exported="true" />
103-->[:awesome_notifications] AndroidManifest.xml:12:13-36
104        <receiver
104-->[:awesome_notifications] AndroidManifest.xml:13:9-15:39
105            android:name="me.carda.awesome_notifications.DartDismissedNotificationReceiver"
105-->[:awesome_notifications] AndroidManifest.xml:14:13-92
106            android:exported="true" />
106-->[:awesome_notifications] AndroidManifest.xml:15:13-36
107        <receiver
107-->[:awesome_notifications] AndroidManifest.xml:16:9-18:39
108            android:name="me.carda.awesome_notifications.DartScheduledNotificationReceiver"
108-->[:awesome_notifications] AndroidManifest.xml:17:13-92
109            android:exported="true" />
109-->[:awesome_notifications] AndroidManifest.xml:18:13-36
110        <receiver
110-->[:awesome_notifications] AndroidManifest.xml:19:9-33:20
111            android:name="me.carda.awesome_notifications.DartRefreshSchedulesReceiver"
111-->[:awesome_notifications] AndroidManifest.xml:20:13-87
112            android:enabled="true"
112-->[:awesome_notifications] AndroidManifest.xml:21:13-35
113            android:exported="true" >
113-->[:awesome_notifications] AndroidManifest.xml:22:13-36
114            <intent-filter>
114-->[:awesome_notifications] AndroidManifest.xml:23:13-32:29
115                <category android:name="android.intent.category.DEFAULT" />
115-->[:awesome_notifications] AndroidManifest.xml:24:17-76
115-->[:awesome_notifications] AndroidManifest.xml:24:27-73
116
117                <action android:name="android.intent.action.BOOT_COMPLETED" />
117-->[:awesome_notifications] AndroidManifest.xml:26:17-79
117-->[:awesome_notifications] AndroidManifest.xml:26:25-76
118                <action android:name="android.intent.action.LOCKED_BOOT_COMPLETED" />
118-->[:awesome_notifications] AndroidManifest.xml:27:17-86
118-->[:awesome_notifications] AndroidManifest.xml:27:25-83
119                <action android:name="android.intent.action.MY_PACKAGE_REPLACED" />
119-->[:awesome_notifications] AndroidManifest.xml:28:17-84
119-->[:awesome_notifications] AndroidManifest.xml:28:25-81
120                <action android:name="android.intent.action.QUICKBOOT_POWERON" />
120-->[:awesome_notifications] AndroidManifest.xml:29:17-82
120-->[:awesome_notifications] AndroidManifest.xml:29:25-79
121                <action android:name="com.htc.intent.action.QUICKBOOT_POWERON" />
121-->[:awesome_notifications] AndroidManifest.xml:30:17-82
121-->[:awesome_notifications] AndroidManifest.xml:30:25-79
122                <action android:name="android.app.action.SCHEDULE_EXACT_ALARM_PERMISSION_STATE_CHANGED" />
122-->[:awesome_notifications] AndroidManifest.xml:31:17-107
122-->[:awesome_notifications] AndroidManifest.xml:31:25-104
123            </intent-filter>
124        </receiver>
125
126        <service
126-->[:awesome_notifications] AndroidManifest.xml:35:9-38:72
127            android:name="me.carda.awesome_notifications.DartBackgroundService"
127-->[:awesome_notifications] AndroidManifest.xml:36:13-80
128            android:exported="false"
128-->[:awesome_notifications] AndroidManifest.xml:37:13-37
129            android:permission="android.permission.BIND_JOB_SERVICE" />
129-->[:awesome_notifications] AndroidManifest.xml:38:13-69
130        <service
130-->[:awesome_notifications] AndroidManifest.xml:39:9-44:43
131            android:name="me.carda.awesome_notifications.core.services.ForegroundService"
131-->[:awesome_notifications] AndroidManifest.xml:40:13-90
132            android:enabled="true"
132-->[:awesome_notifications] AndroidManifest.xml:41:13-35
133            android:exported="false"
133-->[:awesome_notifications] AndroidManifest.xml:42:13-37
134            android:foregroundServiceType="phoneCall|phoneCall"
134-->[:awesome_notifications] AndroidManifest.xml:43:13-54
135            android:stopWithTask="true" />
135-->[:awesome_notifications] AndroidManifest.xml:44:13-40
136        <service
136-->[me.carda:AndroidAwnCore:0.10.0] AndroidManifest.xml:21:9-28:19
137            android:name="me.carda.awesome_notifications.core.managers.StatusBarManager"
137-->[me.carda:AndroidAwnCore:0.10.0] AndroidManifest.xml:22:13-89
138            android:exported="true"
138-->[me.carda:AndroidAwnCore:0.10.0] AndroidManifest.xml:23:13-36
139            android:label="My Notification Listener Service" >
139-->[me.carda:AndroidAwnCore:0.10.0] AndroidManifest.xml:24:13-61
140            <intent-filter>
140-->[me.carda:AndroidAwnCore:0.10.0] AndroidManifest.xml:25:13-27:29
141                <action android:name="android.service.notification.NotificationListenerService" />
141-->[me.carda:AndroidAwnCore:0.10.0] AndroidManifest.xml:26:17-99
141-->[me.carda:AndroidAwnCore:0.10.0] AndroidManifest.xml:26:25-96
142            </intent-filter>
143        </service>
144        <service
144-->[androidx.room:room-runtime:2.6.1] AndroidManifest.xml:24:9-28:63
145            android:name="androidx.room.MultiInstanceInvalidationService"
145-->[androidx.room:room-runtime:2.6.1] AndroidManifest.xml:25:13-74
146            android:directBootAware="true"
146-->[androidx.room:room-runtime:2.6.1] AndroidManifest.xml:26:13-43
147            android:exported="false" />
147-->[androidx.room:room-runtime:2.6.1] AndroidManifest.xml:27:13-37
148
149        <uses-library
149-->[androidx.window:window:1.2.0] AndroidManifest.xml:23:9-25:40
150            android:name="androidx.window.extensions"
150-->[androidx.window:window:1.2.0] AndroidManifest.xml:24:13-54
151            android:required="false" />
151-->[androidx.window:window:1.2.0] AndroidManifest.xml:25:13-37
152        <uses-library
152-->[androidx.window:window:1.2.0] AndroidManifest.xml:26:9-28:40
153            android:name="androidx.window.sidecar"
153-->[androidx.window:window:1.2.0] AndroidManifest.xml:27:13-51
154            android:required="false" />
154-->[androidx.window:window:1.2.0] AndroidManifest.xml:28:13-37
155
156        <provider
156-->[androidx.emoji2:emoji2:1.3.0] AndroidManifest.xml:24:9-32:20
157            android:name="androidx.startup.InitializationProvider"
157-->[androidx.emoji2:emoji2:1.3.0] AndroidManifest.xml:25:13-67
158            android:authorities="com.template.channelyyb.YYB.androidx-startup"
158-->[androidx.emoji2:emoji2:1.3.0] AndroidManifest.xml:26:13-68
159            android:exported="false" >
159-->[androidx.emoji2:emoji2:1.3.0] AndroidManifest.xml:27:13-37
160            <meta-data
160-->[androidx.emoji2:emoji2:1.3.0] AndroidManifest.xml:29:13-31:52
161                android:name="androidx.emoji2.text.EmojiCompatInitializer"
161-->[androidx.emoji2:emoji2:1.3.0] AndroidManifest.xml:30:17-75
162                android:value="androidx.startup" />
162-->[androidx.emoji2:emoji2:1.3.0] AndroidManifest.xml:31:17-49
163            <meta-data
163-->[androidx.lifecycle:lifecycle-process:2.7.0] AndroidManifest.xml:29:13-31:52
164                android:name="androidx.lifecycle.ProcessLifecycleInitializer"
164-->[androidx.lifecycle:lifecycle-process:2.7.0] AndroidManifest.xml:30:17-78
165                android:value="androidx.startup" />
165-->[androidx.lifecycle:lifecycle-process:2.7.0] AndroidManifest.xml:31:17-49
166            <meta-data
166-->[androidx.profileinstaller:profileinstaller:1.3.1] AndroidManifest.xml:29:13-31:52
167                android:name="androidx.profileinstaller.ProfileInstallerInitializer"
167-->[androidx.profileinstaller:profileinstaller:1.3.1] AndroidManifest.xml:30:17-85
168                android:value="androidx.startup" />
168-->[androidx.profileinstaller:profileinstaller:1.3.1] AndroidManifest.xml:31:17-49
169        </provider>
170
171        <receiver
171-->[androidx.profileinstaller:profileinstaller:1.3.1] AndroidManifest.xml:34:9-52:20
172            android:name="androidx.profileinstaller.ProfileInstallReceiver"
172-->[androidx.profileinstaller:profileinstaller:1.3.1] AndroidManifest.xml:35:13-76
173            android:directBootAware="false"
173-->[androidx.profileinstaller:profileinstaller:1.3.1] AndroidManifest.xml:36:13-44
174            android:enabled="true"
174-->[androidx.profileinstaller:profileinstaller:1.3.1] AndroidManifest.xml:37:13-35
175            android:exported="true"
175-->[androidx.profileinstaller:profileinstaller:1.3.1] AndroidManifest.xml:38:13-36
176            android:permission="android.permission.DUMP" >
176-->[androidx.profileinstaller:profileinstaller:1.3.1] AndroidManifest.xml:39:13-57
177            <intent-filter>
177-->[androidx.profileinstaller:profileinstaller:1.3.1] AndroidManifest.xml:40:13-42:29
178                <action android:name="androidx.profileinstaller.action.INSTALL_PROFILE" />
178-->[androidx.profileinstaller:profileinstaller:1.3.1] AndroidManifest.xml:41:17-91
178-->[androidx.profileinstaller:profileinstaller:1.3.1] AndroidManifest.xml:41:25-88
179            </intent-filter>
180            <intent-filter>
180-->[androidx.profileinstaller:profileinstaller:1.3.1] AndroidManifest.xml:43:13-45:29
181                <action android:name="androidx.profileinstaller.action.SKIP_FILE" />
181-->[androidx.profileinstaller:profileinstaller:1.3.1] AndroidManifest.xml:44:17-85
181-->[androidx.profileinstaller:profileinstaller:1.3.1] AndroidManifest.xml:44:25-82
182            </intent-filter>
183            <intent-filter>
183-->[androidx.profileinstaller:profileinstaller:1.3.1] AndroidManifest.xml:46:13-48:29
184                <action android:name="androidx.profileinstaller.action.SAVE_PROFILE" />
184-->[androidx.profileinstaller:profileinstaller:1.3.1] AndroidManifest.xml:47:17-88
184-->[androidx.profileinstaller:profileinstaller:1.3.1] AndroidManifest.xml:47:25-85
185            </intent-filter>
186            <intent-filter>
186-->[androidx.profileinstaller:profileinstaller:1.3.1] AndroidManifest.xml:49:13-51:29
187                <action android:name="androidx.profileinstaller.action.BENCHMARK_OPERATION" />
187-->[androidx.profileinstaller:profileinstaller:1.3.1] AndroidManifest.xml:50:17-95
187-->[androidx.profileinstaller:profileinstaller:1.3.1] AndroidManifest.xml:50:25-92
188            </intent-filter>
189        </receiver>
190    </application>
191
192</manifest>